2018-11-13T16:39:42+00:00 DEBUG 
====Stripe Version: 4.1.12====
====Start Log====
Keys are not set correctly.
====End Log====


2018-11-13T16:40:59+00:00 DEBUG 
====Stripe Version: 4.1.12====
====Start Log====
Keys are not set correctly.
====End Log====


2018-11-13T16:43:38+00:00 DEBUG 
====Stripe Version: 4.1.12====
====Start Log====
Keys are not set correctly.
====End Log====


2018-11-13T16:43:45+00:00 DEBUG 
====Stripe Version: 4.1.12====
====Start Log====
Keys are not set correctly.
====End Log====


